{"/Users/steve/src/help-my-views/spec/escape.spec.js":{"path":"/Users/steve/src/help-my-views/spec/escape.spec.js","s":{"1":1,"2":1,"3":1,"4":1,"5":1,"6":1,"7":1,"8":1,"9":1,"10":1,"11":1,"12":1,"13":1,"14":1,"15":1,"16":1,"17":1,"18":1,"19":1,"20":1,"21":1,"22":1,"23":1,"24":1,"25":1,"26":1,"27":1,"28":1,"29":1,"30":1,"31":1,"32":1,"33":1,"34":1,"35":1,"36":1,"37":1,"38":1,"39":1,"40":1,"41":1,"42":1,"43":1,"44":1,"45":1,"46":1,"47":1,"48":1,"49":1,"50":1,"51":1,"52":1,"53":1,"54":1,"55":1,"56":1,"57":1,"58":1,"59":1,"60":1,"61":1,"62":1,"63":1,"64":1,"65":1,"66":1,"67":1,"68":1,"69":1,"70":1,"71":1,"72":1,"73":1,"74":1,"75":1,"76":1,"77":1,"78":1,"79":1,"80":1,"81":1},"b":{},"f":{"1":1,"2":1,"3":1,"4":1,"5":1,"6":1,"7":1,"8":1,"9":1,"10":1,"11":1,"12":1,"13":1,"14":1,"15":1,"16":1,"17":1,"18":1,"19":1,"20":1,"21":1,"22":1,"23":1,"24":1,"25":1,"26":1,"27":1,"28":1},"fnMap":{"1":{"name":"(anonymous_1)","line":3,"loc":{"start":{"line":3,"column":44},"end":{"line":3,"column":56}}},"2":{"name":"(anonymous_2)","line":6,"loc":{"start":{"line":6,"column":31},"end":{"line":6,"column":47}}},"3":{"name":"(anonymous_3)","line":11,"loc":{"start":{"line":11,"column":32},"end":{"line":11,"column":48}}},"4":{"name":"(anonymous_4)","line":16,"loc":{"start":{"line":16,"column":31},"end":{"line":16,"column":47}}},"5":{"name":"(anonymous_5)","line":21,"loc":{"start":{"line":21,"column":32},"end":{"line":21,"column":48}}},"6":{"name":"(anonymous_6)","line":26,"loc":{"start":{"line":26,"column":31},"end":{"line":26,"column":47}}},"7":{"name":"(anonymous_7)","line":31,"loc":{"start":{"line":31,"column":32},"end":{"line":31,"column":48}}},"8":{"name":"(anonymous_8)","line":36,"loc":{"start":{"line":36,"column":32},"end":{"line":36,"column":48}}},"9":{"name":"(anonymous_9)","line":41,"loc":{"start":{"line":41,"column":33},"end":{"line":41,"column":49}}},"10":{"name":"(anonymous_10)","line":46,"loc":{"start":{"line":46,"column":31},"end":{"line":46,"column":47}}},"11":{"name":"(anonymous_11)","line":51,"loc":{"start":{"line":51,"column":32},"end":{"line":51,"column":48}}},"12":{"name":"(anonymous_12)","line":56,"loc":{"start":{"line":56,"column":31},"end":{"line":56,"column":47}}},"13":{"name":"(anonymous_13)","line":61,"loc":{"start":{"line":61,"column":32},"end":{"line":61,"column":48}}},"14":{"name":"(anonymous_14)","line":66,"loc":{"start":{"line":66,"column":28},"end":{"line":66,"column":44}}},"15":{"name":"(anonymous_15)","line":73,"loc":{"start":{"line":73,"column":36},"end":{"line":73,"column":48}}},"16":{"name":"(anonymous_16)","line":76,"loc":{"start":{"line":76,"column":29},"end":{"line":76,"column":45}}},"17":{"name":"(anonymous_17)","line":81,"loc":{"start":{"line":81,"column":30},"end":{"line":81,"column":46}}},"18":{"name":"(anonymous_18)","line":86,"loc":{"start":{"line":86,"column":30},"end":{"line":86,"column":46}}},"19":{"name":"(anonymous_19)","line":91,"loc":{"start":{"line":91,"column":30},"end":{"line":91,"column":46}}},"20":{"name":"(anonymous_20)","line":96,"loc":{"start":{"line":96,"column":30},"end":{"line":96,"column":46}}},"21":{"name":"(anonymous_21)","line":101,"loc":{"start":{"line":101,"column":30},"end":{"line":101,"column":46}}},"22":{"name":"(anonymous_22)","line":106,"loc":{"start":{"line":106,"column":31},"end":{"line":106,"column":47}}},"23":{"name":"(anonymous_23)","line":111,"loc":{"start":{"line":111,"column":31},"end":{"line":111,"column":47}}},"24":{"name":"(anonymous_24)","line":116,"loc":{"start":{"line":116,"column":30},"end":{"line":116,"column":46}}},"25":{"name":"(anonymous_25)","line":121,"loc":{"start":{"line":121,"column":30},"end":{"line":121,"column":46}}},"26":{"name":"(anonymous_26)","line":126,"loc":{"start":{"line":126,"column":29},"end":{"line":126,"column":45}}},"27":{"name":"(anonymous_27)","line":131,"loc":{"start":{"line":131,"column":30},"end":{"line":131,"column":46}}},"28":{"name":"(anonymous_28)","line":136,"loc":{"start":{"line":136,"column":36},"end":{"line":136,"column":52}}}},"statementMap":{"1":{"start":{"line":1,"column":0},"end":{"line":1,"column":34}},"2":{"start":{"line":3,"column":0},"end":{"line":70,"column":3}},"3":{"start":{"line":6,"column":2},"end":{"line":9,"column":5}},"4":{"start":{"line":7,"column":4},"end":{"line":7,"column":45}},"5":{"start":{"line":8,"column":4},"end":{"line":8,"column":11}},"6":{"start":{"line":11,"column":2},"end":{"line":14,"column":5}},"7":{"start":{"line":12,"column":4},"end":{"line":12,"column":50}},"8":{"start":{"line":13,"column":4},"end":{"line":13,"column":11}},"9":{"start":{"line":16,"column":2},"end":{"line":19,"column":5}},"10":{"start":{"line":17,"column":4},"end":{"line":17,"column":45}},"11":{"start":{"line":18,"column":4},"end":{"line":18,"column":11}},"12":{"start":{"line":21,"column":2},"end":{"line":24,"column":5}},"13":{"start":{"line":22,"column":4},"end":{"line":22,"column":50}},"14":{"start":{"line":23,"column":4},"end":{"line":23,"column":11}},"15":{"start":{"line":26,"column":2},"end":{"line":29,"column":5}},"16":{"start":{"line":27,"column":4},"end":{"line":27,"column":46}},"17":{"start":{"line":28,"column":4},"end":{"line":28,"column":11}},"18":{"start":{"line":31,"column":2},"end":{"line":34,"column":5}},"19":{"start":{"line":32,"column":4},"end":{"line":32,"column":52}},"20":{"start":{"line":33,"column":4},"end":{"line":33,"column":11}},"21":{"start":{"line":36,"column":2},"end":{"line":39,"column":5}},"22":{"start":{"line":37,"column":4},"end":{"line":37,"column":47}},"23":{"start":{"line":38,"column":4},"end":{"line":38,"column":11}},"24":{"start":{"line":41,"column":2},"end":{"line":44,"column":5}},"25":{"start":{"line":42,"column":4},"end":{"line":42,"column":54}},"26":{"start":{"line":43,"column":4},"end":{"line":43,"column":11}},"27":{"start":{"line":46,"column":2},"end":{"line":49,"column":5}},"28":{"start":{"line":47,"column":4},"end":{"line":47,"column":47}},"29":{"start":{"line":48,"column":4},"end":{"line":48,"column":11}},"30":{"start":{"line":51,"column":2},"end":{"line":54,"column":5}},"31":{"start":{"line":52,"column":4},"end":{"line":52,"column":54}},"32":{"start":{"line":53,"column":4},"end":{"line":53,"column":11}},"33":{"start":{"line":56,"column":2},"end":{"line":59,"column":5}},"34":{"start":{"line":57,"column":4},"end":{"line":57,"column":47}},"35":{"start":{"line":58,"column":4},"end":{"line":58,"column":11}},"36":{"start":{"line":61,"column":2},"end":{"line":64,"column":5}},"37":{"start":{"line":62,"column":4},"end":{"line":62,"column":54}},"38":{"start":{"line":63,"column":4},"end":{"line":63,"column":11}},"39":{"start":{"line":66,"column":2},"end":{"line":69,"column":5}},"40":{"start":{"line":67,"column":4},"end":{"line":67,"column":144}},"41":{"start":{"line":68,"column":4},"end":{"line":68,"column":11}},"42":{"start":{"line":73,"column":0},"end":{"line":140,"column":3}},"43":{"start":{"line":76,"column":2},"end":{"line":79,"column":5}},"44":{"start":{"line":77,"column":4},"end":{"line":77,"column":47}},"45":{"start":{"line":78,"column":4},"end":{"line":78,"column":11}},"46":{"start":{"line":81,"column":2},"end":{"line":84,"column":5}},"47":{"start":{"line":82,"column":4},"end":{"line":82,"column":52}},"48":{"start":{"line":83,"column":4},"end":{"line":83,"column":11}},"49":{"start":{"line":86,"column":2},"end":{"line":89,"column":5}},"50":{"start":{"line":87,"column":4},"end":{"line":87,"column":47}},"51":{"start":{"line":88,"column":4},"end":{"line":88,"column":11}},"52":{"start":{"line":91,"column":2},"end":{"line":94,"column":5}},"53":{"start":{"line":92,"column":4},"end":{"line":92,"column":52}},"54":{"start":{"line":93,"column":4},"end":{"line":93,"column":11}},"55":{"start":{"line":96,"column":2},"end":{"line":99,"column":5}},"56":{"start":{"line":97,"column":4},"end":{"line":97,"column":48}},"57":{"start":{"line":98,"column":4},"end":{"line":98,"column":11}},"58":{"start":{"line":101,"column":2},"end":{"line":104,"column":5}},"59":{"start":{"line":102,"column":4},"end":{"line":102,"column":54}},"60":{"start":{"line":103,"column":4},"end":{"line":103,"column":11}},"61":{"start":{"line":106,"column":2},"end":{"line":109,"column":5}},"62":{"start":{"line":107,"column":4},"end":{"line":107,"column":49}},"63":{"start":{"line":108,"column":4},"end":{"line":108,"column":11}},"64":{"start":{"line":111,"column":2},"end":{"line":114,"column":5}},"65":{"start":{"line":112,"column":4},"end":{"line":112,"column":56}},"66":{"start":{"line":113,"column":4},"end":{"line":113,"column":11}},"67":{"start":{"line":116,"column":2},"end":{"line":119,"column":5}},"68":{"start":{"line":117,"column":4},"end":{"line":117,"column":49}},"69":{"start":{"line":118,"column":4},"end":{"line":118,"column":11}},"70":{"start":{"line":121,"column":2},"end":{"line":124,"column":5}},"71":{"start":{"line":122,"column":4},"end":{"line":122,"column":56}},"72":{"start":{"line":123,"column":4},"end":{"line":123,"column":11}},"73":{"start":{"line":126,"column":2},"end":{"line":129,"column":5}},"74":{"start":{"line":127,"column":4},"end":{"line":127,"column":49}},"75":{"start":{"line":128,"column":4},"end":{"line":128,"column":11}},"76":{"start":{"line":131,"column":2},"end":{"line":134,"column":5}},"77":{"start":{"line":132,"column":4},"end":{"line":132,"column":56}},"78":{"start":{"line":133,"column":4},"end":{"line":133,"column":11}},"79":{"start":{"line":136,"column":2},"end":{"line":139,"column":5}},"80":{"start":{"line":137,"column":4},"end":{"line":137,"column":146}},"81":{"start":{"line":138,"column":4},"end":{"line":138,"column":11}}},"branchMap":{}},"/Users/steve/src/help-my-views/index.js":{"path":"/Users/steve/src/help-my-views/index.js","s":{"1":1,"2":1,"3":1,"4":1,"5":13,"6":13,"7":12,"8":12,"9":12,"10":12,"11":8,"12":8,"13":4,"14":10,"15":10,"16":10,"17":10,"18":10,"19":10,"20":1,"21":9,"22":2,"23":1,"24":2,"25":9,"26":6,"27":6,"28":1,"29":5,"30":3,"31":2,"32":3,"33":6,"34":1,"35":29,"36":29,"37":1,"38":29,"39":29,"40":58,"41":2,"42":2,"43":2,"44":29,"45":29,"46":28,"47":1,"48":29,"49":15,"50":2,"51":13,"52":13,"53":13,"54":56,"55":25,"56":25,"57":31,"58":31,"59":2,"60":2,"61":29,"62":13,"63":1,"64":15,"65":9,"66":1,"67":8,"68":8,"69":14,"70":8,"71":35,"72":35,"73":3,"74":32,"75":3,"76":29,"77":25,"78":4,"79":3,"80":35,"81":5,"82":30,"83":30,"84":2,"85":28,"86":5,"87":23,"88":23,"89":3,"90":20,"91":1,"92":19,"93":2,"94":17,"95":2,"96":15},"b":{"1":[12,8],"2":[8,4],"3":[10,8],"4":[1,9],"5":[2,7],"6":[9,9,3],"7":[1,1],"8":[6,4],"9":[1,5],"10":[3,2],"11":[1,28],"12":[2,56],"13":[28,1],"14":[2,13],"15":[25,31],"16":[2,29],"17":[1,8],"18":[3,32],"19":[3,29],"20":[25,4],"21":[3,1],"22":[5,30],"23":[2,28],"24":[30,3,3],"25":[5,23],"26":[3,20],"27":[23,5],"28":[1,19],"29":[20,2],"30":[2,17],"31":[2,15]},"f":{"1":13,"2":13,"3":12,"4":10,"5":6,"6":3,"7":6,"8":15,"9":29,"10":9,"11":15,"12":35},"fnMap":{"1":{"name":"(anonymous_1)","line":8,"loc":{"start":{"line":8,"column":10},"end":{"line":8,"column":26}}},"2":{"name":"(anonymous_2)","line":20,"loc":{"start":{"line":20,"column":12},"end":{"line":20,"column":28}}},"3":{"name":"(anonymous_3)","line":32,"loc":{"start":{"line":32,"column":15},"end":{"line":32,"column":39}}},"4":{"name":"(anonymous_4)","line":59,"loc":{"start":{"line":59,"column":16},"end":{"line":59,"column":47}}},"5":{"name":"(anonymous_5)","line":92,"loc":{"start":{"line":92,"column":9},"end":{"line":92,"column":33}}},"6":{"name":"(anonymous_6)","line":110,"loc":{"start":{"line":110,"column":13},"end":{"line":110,"column":29}}},"7":{"name":"(anonymous_7)","line":114,"loc":{"start":{"line":114,"column":34},"end":{"line":114,"column":50}}},"8":{"name":"(anonymous_8)","line":118,"loc":{"start":{"line":118,"column":13},"end":{"line":118,"column":29}}},"9":{"name":"convert","line":122,"loc":{"start":{"line":122,"column":4},"end":{"line":122,"column":29}}},"10":{"name":"(anonymous_10)","line":205,"loc":{"start":{"line":205,"column":11},"end":{"line":205,"column":36}}},"11":{"name":"makeLink","line":208,"loc":{"start":{"line":208,"column":4},"end":{"line":208,"column":28}}},"12":{"name":"(anonymous_12)","line":227,"loc":{"start":{"line":227,"column":13},"end":{"line":227,"column":44}}}},"statementMap":{"1":{"start":{"line":1,"column":0},"end":{"line":1,"column":42}},"2":{"start":{"line":2,"column":0},"end":{"line":2,"column":33}},"3":{"start":{"line":3,"column":0},"end":{"line":3,"column":30}},"4":{"start":{"line":6,"column":0},"end":{"line":322,"column":2}},"5":{"start":{"line":11,"column":4},"end":{"line":16,"column":40}},"6":{"start":{"line":23,"column":4},"end":{"line":28,"column":40}},"7":{"start":{"line":36,"column":4},"end":{"line":36,"column":26}},"8":{"start":{"line":39,"column":4},"end":{"line":43,"column":6}},"9":{"start":{"line":46,"column":4},"end":{"line":46,"column":56}},"10":{"start":{"line":50,"column":4},"end":{"line":55,"column":5}},"11":{"start":{"line":51,"column":6},"end":{"line":51,"column":39}},"12":{"start":{"line":52,"column":6},"end":{"line":52,"column":82}},"13":{"start":{"line":54,"column":6},"end":{"line":54,"column":18}},"14":{"start":{"line":62,"column":4},"end":{"line":62,"column":31}},"15":{"start":{"line":63,"column":4},"end":{"line":63,"column":17}},"16":{"start":{"line":66,"column":4},"end":{"line":66,"column":23}},"17":{"start":{"line":69,"column":4},"end":{"line":69,"column":45}},"18":{"start":{"line":70,"column":4},"end":{"line":70,"column":45}},"19":{"start":{"line":72,"column":4},"end":{"line":74,"column":5}},"20":{"start":{"line":73,"column":6},"end":{"line":73,"column":13}},"21":{"start":{"line":77,"column":4},"end":{"line":86,"column":5}},"22":{"start":{"line":80,"column":6},"end":{"line":82,"column":7}},"23":{"start":{"line":81,"column":8},"end":{"line":81,"column":37}},"24":{"start":{"line":85,"column":6},"end":{"line":85,"column":33}},"25":{"start":{"line":88,"column":4},"end":{"line":88,"column":15}},"26":{"start":{"line":96,"column":4},"end":{"line":96,"column":26}},"27":{"start":{"line":98,"column":4},"end":{"line":100,"column":5}},"28":{"start":{"line":99,"column":6},"end":{"line":99,"column":16}},"29":{"start":{"line":102,"column":4},"end":{"line":104,"column":5}},"30":{"start":{"line":103,"column":6},"end":{"line":103,"column":18}},"31":{"start":{"line":106,"column":4},"end":{"line":106,"column":42}},"32":{"start":{"line":114,"column":4},"end":{"line":114,"column":123}},"33":{"start":{"line":114,"column":52},"end":{"line":114,"column":119}},"34":{"start":{"line":122,"column":4},"end":{"line":172,"column":5}},"35":{"start":{"line":123,"column":6},"end":{"line":123,"column":14}},"36":{"start":{"line":126,"column":6},"end":{"line":128,"column":7}},"37":{"start":{"line":127,"column":8},"end":{"line":127,"column":23}},"38":{"start":{"line":131,"column":6},"end":{"line":131,"column":22}},"39":{"start":{"line":132,"column":6},"end":{"line":139,"column":7}},"40":{"start":{"line":133,"column":8},"end":{"line":138,"column":9}},"41":{"start":{"line":135,"column":10},"end":{"line":135,"column":42}},"42":{"start":{"line":136,"column":10},"end":{"line":136,"column":48}},"43":{"start":{"line":137,"column":10},"end":{"line":137,"column":16}},"44":{"start":{"line":142,"column":6},"end":{"line":162,"column":8}},"45":{"start":{"line":165,"column":6},"end":{"line":169,"column":7}},"46":{"start":{"line":166,"column":8},"end":{"line":166,"column":49}},"47":{"start":{"line":168,"column":8},"end":{"line":168,"column":31}},"48":{"start":{"line":171,"column":6},"end":{"line":171,"column":33}},"49":{"start":{"line":174,"column":4},"end":{"line":176,"column":5}},"50":{"start":{"line":175,"column":6},"end":{"line":175,"column":16}},"51":{"start":{"line":179,"column":4},"end":{"line":179,"column":43}},"52":{"start":{"line":180,"column":4},"end":{"line":180,"column":20}},"53":{"start":{"line":182,"column":4},"end":{"line":198,"column":5}},"54":{"start":{"line":183,"column":6},"end":{"line":187,"column":7}},"55":{"start":{"line":185,"column":8},"end":{"line":185,"column":30}},"56":{"start":{"line":186,"column":8},"end":{"line":186,"column":17}},"57":{"start":{"line":189,"column":6},"end":{"line":189,"column":39}},"58":{"start":{"line":191,"column":6},"end":{"line":195,"column":7}},"59":{"start":{"line":193,"column":8},"end":{"line":193,"column":30}},"60":{"start":{"line":194,"column":8},"end":{"line":194,"column":17}},"61":{"start":{"line":197,"column":6},"end":{"line":197,"column":35}},"62":{"start":{"line":201,"column":4},"end":{"line":201,"column":35}},"63":{"start":{"line":208,"column":4},"end":{"line":210,"column":5}},"64":{"start":{"line":209,"column":6},"end":{"line":209,"column":85}},"65":{"start":{"line":213,"column":4},"end":{"line":215,"column":5}},"66":{"start":{"line":214,"column":6},"end":{"line":214,"column":28}},"67":{"start":{"line":217,"column":4},"end":{"line":217,"column":20}},"68":{"start":{"line":219,"column":4},"end":{"line":221,"column":5}},"69":{"start":{"line":220,"column":6},"end":{"line":220,"column":37}},"70":{"start":{"line":223,"column":4},"end":{"line":223,"column":18}},"71":{"start":{"line":230,"column":4},"end":{"line":230,"column":19}},"72":{"start":{"line":232,"column":4},"end":{"line":240,"column":5}},"73":{"start":{"line":233,"column":6},"end":{"line":233,"column":38}},"74":{"start":{"line":234,"column":11},"end":{"line":240,"column":5}},"75":{"start":{"line":235,"column":6},"end":{"line":235,"column":31}},"76":{"start":{"line":236,"column":11},"end":{"line":240,"column":5}},"77":{"start":{"line":237,"column":6},"end":{"line":237,"column":25}},"78":{"start":{"line":238,"column":11},"end":{"line":240,"column":5}},"79":{"start":{"line":239,"column":6},"end":{"line":239,"column":51}},"80":{"start":{"line":242,"column":4},"end":{"line":244,"column":5}},"81":{"start":{"line":243,"column":6},"end":{"line":243,"column":18}},"82":{"start":{"line":247,"column":4},"end":{"line":284,"column":6}},"83":{"start":{"line":287,"column":4},"end":{"line":289,"column":5}},"84":{"start":{"line":288,"column":6},"end":{"line":288,"column":26}},"85":{"start":{"line":292,"column":4},"end":{"line":294,"column":5}},"86":{"start":{"line":293,"column":6},"end":{"line":293,"column":24}},"87":{"start":{"line":296,"column":4},"end":{"line":296,"column":39}},"88":{"start":{"line":299,"column":4},"end":{"line":301,"column":5}},"89":{"start":{"line":300,"column":6},"end":{"line":300,"column":39}},"90":{"start":{"line":304,"column":4},"end":{"line":306,"column":5}},"91":{"start":{"line":305,"column":6},"end":{"line":305,"column":25}},"92":{"start":{"line":309,"column":4},"end":{"line":311,"column":5}},"93":{"start":{"line":310,"column":6},"end":{"line":310,"column":25}},"94":{"start":{"line":314,"column":4},"end":{"line":316,"column":5}},"95":{"start":{"line":315,"column":6},"end":{"line":315,"column":25}},"96":{"start":{"line":319,"column":4},"end":{"line":319,"column":22}}},"branchMap":{"1":{"line":36,"type":"binary-expr","locations":[{"start":{"line":36,"column":13},"end":{"line":36,"column":19}},{"start":{"line":36,"column":23},"end":{"line":36,"column":25}}]},"2":{"line":50,"type":"if","locations":[{"start":{"line":50,"column":4},"end":{"line":50,"column":4}},{"start":{"line":50,"column":4},"end":{"line":50,"column":4}}]},"3":{"line":66,"type":"binary-expr","locations":[{"start":{"line":66,"column":12},"end":{"line":66,"column":17}},{"start":{"line":66,"column":21},"end":{"line":66,"column":22}}]},"4":{"line":72,"type":"if","locations":[{"start":{"line":72,"column":4},"end":{"line":72,"column":4}},{"start":{"line":72,"column":4},"end":{"line":72,"column":4}}]},"5":{"line":77,"type":"if","locations":[{"start":{"line":77,"column":4},"end":{"line":77,"column":4}},{"start":{"line":77,"column":4},"end":{"line":77,"column":4}}]},"6":{"line":77,"type":"binary-expr","locations":[{"start":{"line":77,"column":8},"end":{"line":77,"column":15}},{"start":{"line":77,"column":19},"end":{"line":77,"column":25}},{"start":{"line":77,"column":29},"end":{"line":77,"column":58}}]},"7":{"line":80,"type":"if","locations":[{"start":{"line":80,"column":6},"end":{"line":80,"column":6}},{"start":{"line":80,"column":6},"end":{"line":80,"column":6}}]},"8":{"line":96,"type":"binary-expr","locations":[{"start":{"line":96,"column":13},"end":{"line":96,"column":19}},{"start":{"line":96,"column":23},"end":{"line":96,"column":25}}]},"9":{"line":98,"type":"if","locations":[{"start":{"line":98,"column":4},"end":{"line":98,"column":4}},{"start":{"line":98,"column":4},"end":{"line":98,"column":4}}]},"10":{"line":102,"type":"if","locations":[{"start":{"line":102,"column":4},"end":{"line":102,"column":4}},{"start":{"line":102,"column":4},"end":{"line":102,"column":4}}]},"11":{"line":126,"type":"if","locations":[{"start":{"line":126,"column":6},"end":{"line":126,"column":6}},{"start":{"line":126,"column":6},"end":{"line":126,"column":6}}]},"12":{"line":133,"type":"if","locations":[{"start":{"line":133,"column":8},"end":{"line":133,"column":8}},{"start":{"line":133,"column":8},"end":{"line":133,"column":8}}]},"13":{"line":165,"type":"if","locations":[{"start":{"line":165,"column":6},"end":{"line":165,"column":6}},{"start":{"line":165,"column":6},"end":{"line":165,"column":6}}]},"14":{"line":174,"type":"if","locations":[{"start":{"line":174,"column":4},"end":{"line":174,"column":4}},{"start":{"line":174,"column":4},"end":{"line":174,"column":4}}]},"15":{"line":183,"type":"if","locations":[{"start":{"line":183,"column":6},"end":{"line":183,"column":6}},{"start":{"line":183,"column":6},"end":{"line":183,"column":6}}]},"16":{"line":191,"type":"if","locations":[{"start":{"line":191,"column":6},"end":{"line":191,"column":6}},{"start":{"line":191,"column":6},"end":{"line":191,"column":6}}]},"17":{"line":213,"type":"if","locations":[{"start":{"line":213,"column":4},"end":{"line":213,"column":4}},{"start":{"line":213,"column":4},"end":{"line":213,"column":4}}]},"18":{"line":232,"type":"if","locations":[{"start":{"line":232,"column":4},"end":{"line":232,"column":4}},{"start":{"line":232,"column":4},"end":{"line":232,"column":4}}]},"19":{"line":234,"type":"if","locations":[{"start":{"line":234,"column":11},"end":{"line":234,"column":11}},{"start":{"line":234,"column":11},"end":{"line":234,"column":11}}]},"20":{"line":236,"type":"if","locations":[{"start":{"line":236,"column":11},"end":{"line":236,"column":11}},{"start":{"line":236,"column":11},"end":{"line":236,"column":11}}]},"21":{"line":238,"type":"if","locations":[{"start":{"line":238,"column":11},"end":{"line":238,"column":11}},{"start":{"line":238,"column":11},"end":{"line":238,"column":11}}]},"22":{"line":242,"type":"if","locations":[{"start":{"line":242,"column":4},"end":{"line":242,"column":4}},{"start":{"line":242,"column":4},"end":{"line":242,"column":4}}]},"23":{"line":287,"type":"if","locations":[{"start":{"line":287,"column":4},"end":{"line":287,"column":4}},{"start":{"line":287,"column":4},"end":{"line":287,"column":4}}]},"24":{"line":287,"type":"binary-expr","locations":[{"start":{"line":287,"column":8},"end":{"line":287,"column":14}},{"start":{"line":287,"column":18},"end":{"line":287,"column":36}},{"start":{"line":287,"column":40},"end":{"line":287,"column":54}}]},"25":{"line":292,"type":"if","locations":[{"start":{"line":292,"column":4},"end":{"line":292,"column":4}},{"start":{"line":292,"column":4},"end":{"line":292,"column":4}}]},"26":{"line":299,"type":"if","locations":[{"start":{"line":299,"column":4},"end":{"line":299,"column":4}},{"start":{"line":299,"column":4},"end":{"line":299,"column":4}}]},"27":{"line":299,"type":"binary-expr","locations":[{"start":{"line":299,"column":8},"end":{"line":299,"column":30}},{"start":{"line":299,"column":34},"end":{"line":299,"column":74}}]},"28":{"line":304,"type":"if","locations":[{"start":{"line":304,"column":4},"end":{"line":304,"column":4}},{"start":{"line":304,"column":4},"end":{"line":304,"column":4}}]},"29":{"line":304,"type":"binary-expr","locations":[{"start":{"line":304,"column":8},"end":{"line":304,"column":30}},{"start":{"line":304,"column":34},"end":{"line":304,"column":74}}]},"30":{"line":309,"type":"if","locations":[{"start":{"line":309,"column":4},"end":{"line":309,"column":4}},{"start":{"line":309,"column":4},"end":{"line":309,"column":4}}]},"31":{"line":314,"type":"if","locations":[{"start":{"line":314,"column":4},"end":{"line":314,"column":4}},{"start":{"line":314,"column":4},"end":{"line":314,"column":4}}]}}},"/Users/steve/src/help-my-views/spec/formating.spec.js":{"path":"/Users/steve/src/help-my-views/spec/formating.spec.js","s":{"1":1,"2":1,"3":1,"4":1,"5":1,"6":1,"7":1,"8":1,"9":1,"10":1,"11":1,"12":1,"13":1,"14":1,"15":1,"16":1,"17":1,"18":1,"19":1,"20":1,"21":1,"22":1,"23":1,"24":1,"25":1,"26":1,"27":1,"28":1,"29":1,"30":1,"31":1,"32":1,"33":1,"34":1,"35":1,"36":1,"37":1,"38":1,"39":1,"40":1,"41":1,"42":1,"43":1,"44":1,"45":1,"46":1,"47":1,"48":1,"49":1,"50":1,"51":1,"52":1,"53":1,"54":1,"55":1,"56":1,"57":1,"58":1,"59":1,"60":1,"61":1,"62":1,"63":1,"64":1,"65":1,"66":1,"67":1,"68":1,"69":1,"70":1,"71":1,"72":1,"73":1,"74":1,"75":1,"76":1,"77":1,"78":1,"79":1,"80":1,"81":1,"82":1,"83":1,"84":1,"85":1,"86":1,"87":1,"88":1,"89":1,"90":1,"91":1,"92":1,"93":1,"94":1,"95":1,"96":1,"97":1,"98":1,"99":1,"100":1,"101":1,"102":1,"103":1,"104":1,"105":1,"106":1,"107":1,"108":1,"109":1,"110":1,"111":1,"112":1,"113":1,"114":1,"115":1,"116":1,"117":1,"118":1,"119":1,"120":1,"121":1,"122":1,"123":1,"124":1,"125":1,"126":1,"127":1,"128":1,"129":1,"130":1,"131":1,"132":1,"133":1,"134":1,"135":1,"136":1,"137":1,"138":1,"139":1,"140":1,"141":1,"142":1,"143":1,"144":1,"145":1,"146":1,"147":1,"148":1,"149":1,"150":1,"151":1,"152":1,"153":1,"154":1,"155":1,"156":1,"157":1,"158":1,"159":1},"b":{},"f":{"1":1,"2":1,"3":1,"4":1,"5":1,"6":1,"7":1,"8":1,"9":1,"10":1,"11":1,"12":1,"13":1,"14":1,"15":1,"16":1,"17":1,"18":1,"19":1,"20":1,"21":1,"22":1,"23":1,"24":1,"25":1,"26":1,"27":1,"28":1,"29":1,"30":1,"31":1,"32":1,"33":1,"34":1,"35":1,"36":1,"37":1,"38":1,"39":1,"40":1,"41":1,"42":1,"43":1,"44":1,"45":1,"46":1},"fnMap":{"1":{"name":"(anonymous_1)","line":3,"loc":{"start":{"line":3,"column":52},"end":{"line":3,"column":64}}},"2":{"name":"(anonymous_2)","line":6,"loc":{"start":{"line":6,"column":38},"end":{"line":6,"column":54}}},"3":{"name":"(anonymous_3)","line":11,"loc":{"start":{"line":11,"column":38},"end":{"line":11,"column":54}}},"4":{"name":"(anonymous_4)","line":16,"loc":{"start":{"line":16,"column":42},"end":{"line":16,"column":58}}},"5":{"name":"(anonymous_5)","line":23,"loc":{"start":{"line":23,"column":45},"end":{"line":23,"column":57}}},"6":{"name":"(anonymous_6)","line":26,"loc":{"start":{"line":26,"column":29},"end":{"line":26,"column":45}}},"7":{"name":"(anonymous_7)","line":31,"loc":{"start":{"line":31,"column":28},"end":{"line":31,"column":44}}},"8":{"name":"(anonymous_8)","line":36,"loc":{"start":{"line":36,"column":28},"end":{"line":36,"column":44}}},"9":{"name":"(anonymous_9)","line":41,"loc":{"start":{"line":41,"column":46},"end":{"line":41,"column":62}}},"10":{"name":"(anonymous_10)","line":46,"loc":{"start":{"line":46,"column":54},"end":{"line":46,"column":70}}},"11":{"name":"(anonymous_11)","line":51,"loc":{"start":{"line":51,"column":53},"end":{"line":51,"column":69}}},"12":{"name":"(anonymous_12)","line":58,"loc":{"start":{"line":58,"column":51},"end":{"line":58,"column":63}}},"13":{"name":"(anonymous_13)","line":61,"loc":{"start":{"line":61,"column":28},"end":{"line":61,"column":44}}},"14":{"name":"(anonymous_14)","line":66,"loc":{"start":{"line":66,"column":27},"end":{"line":66,"column":43}}},"15":{"name":"(anonymous_15)","line":71,"loc":{"start":{"line":71,"column":28},"end":{"line":71,"column":44}}},"16":{"name":"(anonymous_16)","line":76,"loc":{"start":{"line":76,"column":31},"end":{"line":76,"column":47}}},"17":{"name":"(anonymous_17)","line":81,"loc":{"start":{"line":81,"column":39},"end":{"line":81,"column":55}}},"18":{"name":"(anonymous_18)","line":86,"loc":{"start":{"line":86,"column":36},"end":{"line":86,"column":52}}},"19":{"name":"(anonymous_19)","line":91,"loc":{"start":{"line":91,"column":62},"end":{"line":91,"column":78}}},"20":{"name":"(anonymous_20)","line":96,"loc":{"start":{"line":96,"column":35},"end":{"line":96,"column":51}}},"21":{"name":"(anonymous_21)","line":102,"loc":{"start":{"line":102,"column":35},"end":{"line":102,"column":51}}},"22":{"name":"(anonymous_22)","line":108,"loc":{"start":{"line":108,"column":21},"end":{"line":108,"column":37}}},"23":{"name":"(anonymous_23)","line":113,"loc":{"start":{"line":113,"column":22},"end":{"line":113,"column":38}}},"24":{"name":"(anonymous_24)","line":118,"loc":{"start":{"line":118,"column":21},"end":{"line":118,"column":37}}},"25":{"name":"(anonymous_25)","line":123,"loc":{"start":{"line":123,"column":21},"end":{"line":123,"column":37}}},"26":{"name":"(anonymous_26)","line":128,"loc":{"start":{"line":128,"column":23},"end":{"line":128,"column":39}}},"27":{"name":"(anonymous_27)","line":133,"loc":{"start":{"line":133,"column":21},"end":{"line":133,"column":37}}},"28":{"name":"(anonymous_28)","line":140,"loc":{"start":{"line":140,"column":46},"end":{"line":140,"column":58}}},"29":{"name":"(anonymous_29)","line":143,"loc":{"start":{"line":143,"column":28},"end":{"line":143,"column":44}}},"30":{"name":"(anonymous_30)","line":148,"loc":{"start":{"line":148,"column":34},"end":{"line":148,"column":50}}},"31":{"name":"(anonymous_31)","line":154,"loc":{"start":{"line":154,"column":33},"end":{"line":154,"column":49}}},"32":{"name":"(anonymous_32)","line":161,"loc":{"start":{"line":161,"column":35},"end":{"line":161,"column":51}}},"33":{"name":"(anonymous_33)","line":170,"loc":{"start":{"line":170,"column":48},"end":{"line":170,"column":60}}},"34":{"name":"(anonymous_34)","line":173,"loc":{"start":{"line":173,"column":29},"end":{"line":173,"column":45}}},"35":{"name":"(anonymous_35)","line":179,"loc":{"start":{"line":179,"column":28},"end":{"line":179,"column":44}}},"36":{"name":"(anonymous_36)","line":186,"loc":{"start":{"line":186,"column":28},"end":{"line":186,"column":44}}},"37":{"name":"(anonymous_37)","line":193,"loc":{"start":{"line":193,"column":29},"end":{"line":193,"column":45}}},"38":{"name":"(anonymous_38)","line":200,"loc":{"start":{"line":200,"column":31},"end":{"line":200,"column":47}}},"39":{"name":"(anonymous_39)","line":205,"loc":{"start":{"line":205,"column":55},"end":{"line":205,"column":71}}},"40":{"name":"(anonymous_40)","line":212,"loc":{"start":{"line":212,"column":53},"end":{"line":212,"column":69}}},"41":{"name":"(anonymous_41)","line":218,"loc":{"start":{"line":218,"column":55},"end":{"line":218,"column":71}}},"42":{"name":"(anonymous_42)","line":224,"loc":{"start":{"line":224,"column":54},"end":{"line":224,"column":70}}},"43":{"name":"(anonymous_43)","line":230,"loc":{"start":{"line":230,"column":54},"end":{"line":230,"column":70}}},"44":{"name":"(anonymous_44)","line":236,"loc":{"start":{"line":236,"column":37},"end":{"line":236,"column":53}}},"45":{"name":"(anonymous_45)","line":243,"loc":{"start":{"line":243,"column":40},"end":{"line":243,"column":56}}},"46":{"name":"(anonymous_46)","line":251,"loc":{"start":{"line":251,"column":33},"end":{"line":251,"column":49}}}},"statementMap":{"1":{"start":{"line":1,"column":0},"end":{"line":1,"column":34}},"2":{"start":{"line":3,"column":0},"end":{"line":20,"column":3}},"3":{"start":{"line":6,"column":2},"end":{"line":9,"column":5}},"4":{"start":{"line":7,"column":4},"end":{"line":7,"column":69}},"5":{"start":{"line":8,"column":4},"end":{"line":8,"column":11}},"6":{"start":{"line":11,"column":2},"end":{"line":14,"column":5}},"7":{"start":{"line":12,"column":4},"end":{"line":12,"column":69}},"8":{"start":{"line":13,"column":4},"end":{"line":13,"column":11}},"9":{"start":{"line":16,"column":2},"end":{"line":19,"column":5}},"10":{"start":{"line":17,"column":4},"end":{"line":17,"column":69}},"11":{"start":{"line":18,"column":4},"end":{"line":18,"column":11}},"12":{"start":{"line":23,"column":0},"end":{"line":55,"column":3}},"13":{"start":{"line":26,"column":2},"end":{"line":29,"column":5}},"14":{"start":{"line":27,"column":4},"end":{"line":27,"column":37}},"15":{"start":{"line":28,"column":4},"end":{"line":28,"column":11}},"16":{"start":{"line":31,"column":2},"end":{"line":34,"column":5}},"17":{"start":{"line":32,"column":4},"end":{"line":32,"column":39}},"18":{"start":{"line":33,"column":4},"end":{"line":33,"column":11}},"19":{"start":{"line":36,"column":2},"end":{"line":39,"column":5}},"20":{"start":{"line":37,"column":4},"end":{"line":37,"column":49}},"21":{"start":{"line":38,"column":4},"end":{"line":38,"column":11}},"22":{"start":{"line":41,"column":2},"end":{"line":44,"column":5}},"23":{"start":{"line":42,"column":4},"end":{"line":42,"column":62}},"24":{"start":{"line":43,"column":4},"end":{"line":43,"column":11}},"25":{"start":{"line":46,"column":2},"end":{"line":49,"column":5}},"26":{"start":{"line":47,"column":4},"end":{"line":47,"column":69}},"27":{"start":{"line":48,"column":4},"end":{"line":48,"column":11}},"28":{"start":{"line":51,"column":2},"end":{"line":54,"column":5}},"29":{"start":{"line":52,"column":4},"end":{"line":52,"column":63}},"30":{"start":{"line":53,"column":4},"end":{"line":53,"column":11}},"31":{"start":{"line":58,"column":0},"end":{"line":137,"column":3}},"32":{"start":{"line":61,"column":2},"end":{"line":64,"column":5}},"33":{"start":{"line":62,"column":4},"end":{"line":62,"column":41}},"34":{"start":{"line":63,"column":4},"end":{"line":63,"column":11}},"35":{"start":{"line":66,"column":2},"end":{"line":69,"column":5}},"36":{"start":{"line":67,"column":4},"end":{"line":67,"column":43}},"37":{"start":{"line":68,"column":4},"end":{"line":68,"column":11}},"38":{"start":{"line":71,"column":2},"end":{"line":74,"column":5}},"39":{"start":{"line":72,"column":4},"end":{"line":72,"column":72}},"40":{"start":{"line":73,"column":4},"end":{"line":73,"column":11}},"41":{"start":{"line":76,"column":2},"end":{"line":79,"column":5}},"42":{"start":{"line":77,"column":4},"end":{"line":77,"column":71}},"43":{"start":{"line":78,"column":4},"end":{"line":78,"column":11}},"44":{"start":{"line":81,"column":2},"end":{"line":84,"column":5}},"45":{"start":{"line":82,"column":4},"end":{"line":82,"column":74}},"46":{"start":{"line":83,"column":4},"end":{"line":83,"column":11}},"47":{"start":{"line":86,"column":2},"end":{"line":89,"column":5}},"48":{"start":{"line":87,"column":4},"end":{"line":87,"column":112}},"49":{"start":{"line":88,"column":4},"end":{"line":88,"column":11}},"50":{"start":{"line":91,"column":2},"end":{"line":94,"column":5}},"51":{"start":{"line":92,"column":4},"end":{"line":92,"column":81}},"52":{"start":{"line":93,"column":4},"end":{"line":93,"column":11}},"53":{"start":{"line":96,"column":2},"end":{"line":100,"column":5}},"54":{"start":{"line":97,"column":4},"end":{"line":97,"column":78}},"55":{"start":{"line":98,"column":4},"end":{"line":98,"column":151}},"56":{"start":{"line":99,"column":4},"end":{"line":99,"column":11}},"57":{"start":{"line":102,"column":2},"end":{"line":106,"column":5}},"58":{"start":{"line":103,"column":4},"end":{"line":103,"column":76}},"59":{"start":{"line":104,"column":4},"end":{"line":104,"column":149}},"60":{"start":{"line":105,"column":4},"end":{"line":105,"column":11}},"61":{"start":{"line":108,"column":2},"end":{"line":111,"column":5}},"62":{"start":{"line":109,"column":4},"end":{"line":109,"column":161}},"63":{"start":{"line":110,"column":4},"end":{"line":110,"column":11}},"64":{"start":{"line":113,"column":2},"end":{"line":116,"column":5}},"65":{"start":{"line":114,"column":4},"end":{"line":114,"column":165}},"66":{"start":{"line":115,"column":4},"end":{"line":115,"column":11}},"67":{"start":{"line":118,"column":2},"end":{"line":121,"column":5}},"68":{"start":{"line":119,"column":4},"end":{"line":119,"column":103}},"69":{"start":{"line":120,"column":4},"end":{"line":120,"column":11}},"70":{"start":{"line":123,"column":2},"end":{"line":126,"column":5}},"71":{"start":{"line":124,"column":4},"end":{"line":124,"column":157}},"72":{"start":{"line":125,"column":4},"end":{"line":125,"column":11}},"73":{"start":{"line":128,"column":2},"end":{"line":131,"column":5}},"74":{"start":{"line":129,"column":4},"end":{"line":129,"column":130}},"75":{"start":{"line":130,"column":4},"end":{"line":130,"column":11}},"76":{"start":{"line":133,"column":2},"end":{"line":136,"column":5}},"77":{"start":{"line":134,"column":4},"end":{"line":134,"column":103}},"78":{"start":{"line":135,"column":4},"end":{"line":135,"column":11}},"79":{"start":{"line":140,"column":0},"end":{"line":167,"column":3}},"80":{"start":{"line":143,"column":2},"end":{"line":146,"column":5}},"81":{"start":{"line":144,"column":4},"end":{"line":144,"column":86}},"82":{"start":{"line":145,"column":4},"end":{"line":145,"column":11}},"83":{"start":{"line":148,"column":2},"end":{"line":152,"column":5}},"84":{"start":{"line":149,"column":4},"end":{"line":149,"column":91}},"85":{"start":{"line":150,"column":4},"end":{"line":150,"column":62}},"86":{"start":{"line":151,"column":4},"end":{"line":151,"column":11}},"87":{"start":{"line":154,"column":2},"end":{"line":159,"column":5}},"88":{"start":{"line":155,"column":4},"end":{"line":155,"column":99}},"89":{"start":{"line":156,"column":4},"end":{"line":156,"column":91}},"90":{"start":{"line":157,"column":4},"end":{"line":157,"column":70}},"91":{"start":{"line":158,"column":4},"end":{"line":158,"column":11}},"92":{"start":{"line":161,"column":2},"end":{"line":166,"column":5}},"93":{"start":{"line":162,"column":4},"end":{"line":162,"column":135}},"94":{"start":{"line":163,"column":4},"end":{"line":163,"column":127}},"95":{"start":{"line":164,"column":4},"end":{"line":164,"column":88}},"96":{"start":{"line":165,"column":4},"end":{"line":165,"column":11}},"97":{"start":{"line":170,"column":0},"end":{"line":260,"column":3}},"98":{"start":{"line":173,"column":2},"end":{"line":177,"column":5}},"99":{"start":{"line":174,"column":4},"end":{"line":174,"column":56}},"100":{"start":{"line":175,"column":4},"end":{"line":175,"column":56}},"101":{"start":{"line":176,"column":4},"end":{"line":176,"column":11}},"102":{"start":{"line":179,"column":2},"end":{"line":184,"column":5}},"103":{"start":{"line":180,"column":4},"end":{"line":180,"column":68}},"104":{"start":{"line":181,"column":4},"end":{"line":181,"column":59}},"105":{"start":{"line":182,"column":4},"end":{"line":182,"column":54}},"106":{"start":{"line":183,"column":4},"end":{"line":183,"column":11}},"107":{"start":{"line":186,"column":2},"end":{"line":191,"column":5}},"108":{"start":{"line":187,"column":4},"end":{"line":187,"column":53}},"109":{"start":{"line":188,"column":4},"end":{"line":188,"column":52}},"110":{"start":{"line":189,"column":4},"end":{"line":189,"column":53}},"111":{"start":{"line":190,"column":4},"end":{"line":190,"column":11}},"112":{"start":{"line":193,"column":2},"end":{"line":198,"column":5}},"113":{"start":{"line":194,"column":4},"end":{"line":194,"column":86}},"114":{"start":{"line":195,"column":4},"end":{"line":195,"column":70}},"115":{"start":{"line":196,"column":4},"end":{"line":196,"column":54}},"116":{"start":{"line":197,"column":4},"end":{"line":197,"column":11}},"117":{"start":{"line":200,"column":2},"end":{"line":203,"column":5}},"118":{"start":{"line":201,"column":4},"end":{"line":201,"column":49}},"119":{"start":{"line":202,"column":4},"end":{"line":202,"column":11}},"120":{"start":{"line":205,"column":2},"end":{"line":210,"column":5}},"121":{"start":{"line":206,"column":4},"end":{"line":206,"column":68}},"122":{"start":{"line":207,"column":4},"end":{"line":207,"column":60}},"123":{"start":{"line":208,"column":4},"end":{"line":208,"column":66}},"124":{"start":{"line":209,"column":4},"end":{"line":209,"column":11}},"125":{"start":{"line":212,"column":2},"end":{"line":216,"column":5}},"126":{"start":{"line":213,"column":4},"end":{"line":213,"column":63}},"127":{"start":{"line":214,"column":4},"end":{"line":214,"column":63}},"128":{"start":{"line":215,"column":4},"end":{"line":215,"column":11}},"129":{"start":{"line":218,"column":2},"end":{"line":222,"column":5}},"130":{"start":{"line":219,"column":4},"end":{"line":219,"column":64}},"131":{"start":{"line":220,"column":4},"end":{"line":220,"column":62}},"132":{"start":{"line":221,"column":4},"end":{"line":221,"column":11}},"133":{"start":{"line":224,"column":2},"end":{"line":228,"column":5}},"134":{"start":{"line":225,"column":4},"end":{"line":225,"column":60}},"135":{"start":{"line":226,"column":4},"end":{"line":226,"column":60}},"136":{"start":{"line":227,"column":4},"end":{"line":227,"column":11}},"137":{"start":{"line":230,"column":2},"end":{"line":234,"column":5}},"138":{"start":{"line":231,"column":4},"end":{"line":231,"column":64}},"139":{"start":{"line":232,"column":4},"end":{"line":232,"column":61}},"140":{"start":{"line":233,"column":4},"end":{"line":233,"column":11}},"141":{"start":{"line":236,"column":2},"end":{"line":241,"column":5}},"142":{"start":{"line":237,"column":4},"end":{"line":237,"column":57}},"143":{"start":{"line":238,"column":4},"end":{"line":238,"column":59}},"144":{"start":{"line":239,"column":4},"end":{"line":239,"column":59}},"145":{"start":{"line":240,"column":4},"end":{"line":240,"column":11}},"146":{"start":{"line":243,"column":2},"end":{"line":249,"column":5}},"147":{"start":{"line":244,"column":4},"end":{"line":244,"column":60}},"148":{"start":{"line":245,"column":4},"end":{"line":245,"column":60}},"149":{"start":{"line":246,"column":4},"end":{"line":246,"column":59}},"150":{"start":{"line":247,"column":4},"end":{"line":247,"column":58}},"151":{"start":{"line":248,"column":4},"end":{"line":248,"column":11}},"152":{"start":{"line":251,"column":2},"end":{"line":259,"column":5}},"153":{"start":{"line":252,"column":4},"end":{"line":252,"column":51}},"154":{"start":{"line":253,"column":4},"end":{"line":253,"column":57}},"155":{"start":{"line":254,"column":4},"end":{"line":254,"column":56}},"156":{"start":{"line":255,"column":4},"end":{"line":255,"column":66}},"157":{"start":{"line":256,"column":4},"end":{"line":256,"column":65}},"158":{"start":{"line":257,"column":4},"end":{"line":257,"column":62}},"159":{"start":{"line":258,"column":4},"end":{"line":258,"column":11}}},"branchMap":{}},"/Users/steve/src/help-my-views/spec/preview.spec.js":{"path":"/Users/steve/src/help-my-views/spec/preview.spec.js","s":{"1":1,"2":1,"3":1,"4":1,"5":1,"6":1,"7":1,"8":1,"9":1,"10":1,"11":1,"12":1,"13":1,"14":1,"15":1,"16":1,"17":1,"18":1,"19":1,"20":1,"21":1,"22":1,"23":1,"24":1,"25":1,"26":1,"27":1,"28":1,"29":1,"30":1,"31":1,"32":1,"33":1,"34":1,"35":1,"36":1,"37":1,"38":1,"39":1,"40":1,"41":1,"42":1,"43":1,"44":1,"45":1,"46":1,"47":1,"48":1,"49":1,"50":1,"51":1,"52":1,"53":1,"54":1,"55":1,"56":1,"57":1,"58":1,"59":1,"60":1,"61":1,"62":1},"b":{},"f":{"1":1,"2":1,"3":1,"4":1,"5":1,"6":1,"7":1,"8":1,"9":1,"10":1,"11":1,"12":1,"13":1,"14":1,"15":1},"fnMap":{"1":{"name":"(anonymous_1)","line":3,"loc":{"start":{"line":3,"column":68},"end":{"line":3,"column":80}}},"2":{"name":"(anonymous_2)","line":6,"loc":{"start":{"line":6,"column":37},"end":{"line":6,"column":53}}},"3":{"name":"(anonymous_3)","line":12,"loc":{"start":{"line":12,"column":62},"end":{"line":12,"column":78}}},"4":{"name":"(anonymous_4)","line":19,"loc":{"start":{"line":19,"column":60},"end":{"line":19,"column":76}}},"5":{"name":"(anonymous_5)","line":26,"loc":{"start":{"line":26,"column":34},"end":{"line":26,"column":50}}},"6":{"name":"(anonymous_6)","line":32,"loc":{"start":{"line":32,"column":59},"end":{"line":32,"column":75}}},"7":{"name":"(anonymous_7)","line":39,"loc":{"start":{"line":39,"column":57},"end":{"line":39,"column":73}}},"8":{"name":"(anonymous_8)","line":48,"loc":{"start":{"line":48,"column":62},"end":{"line":48,"column":74}}},"9":{"name":"(anonymous_9)","line":51,"loc":{"start":{"line":51,"column":60},"end":{"line":51,"column":76}}},"10":{"name":"(anonymous_10)","line":58,"loc":{"start":{"line":58,"column":57},"end":{"line":58,"column":73}}},"11":{"name":"(anonymous_11)","line":65,"loc":{"start":{"line":65,"column":58},"end":{"line":65,"column":74}}},"12":{"name":"(anonymous_12)","line":72,"loc":{"start":{"line":72,"column":113},"end":{"line":72,"column":129}}},"13":{"name":"(anonymous_13)","line":78,"loc":{"start":{"line":78,"column":123},"end":{"line":78,"column":139}}},"14":{"name":"(anonymous_14)","line":84,"loc":{"start":{"line":84,"column":106},"end":{"line":84,"column":122}}},"15":{"name":"(anonymous_15)","line":90,"loc":{"start":{"line":90,"column":31},"end":{"line":90,"column":47}}}},"statementMap":{"1":{"start":{"line":1,"column":0},"end":{"line":1,"column":34}},"2":{"start":{"line":3,"column":0},"end":{"line":45,"column":3}},"3":{"start":{"line":6,"column":2},"end":{"line":10,"column":5}},"4":{"start":{"line":7,"column":4},"end":{"line":7,"column":71}},"5":{"start":{"line":8,"column":4},"end":{"line":8,"column":65}},"6":{"start":{"line":9,"column":4},"end":{"line":9,"column":11}},"7":{"start":{"line":12,"column":2},"end":{"line":17,"column":5}},"8":{"start":{"line":13,"column":4},"end":{"line":13,"column":75}},"9":{"start":{"line":14,"column":4},"end":{"line":14,"column":100}},"10":{"start":{"line":15,"column":4},"end":{"line":15,"column":53}},"11":{"start":{"line":16,"column":4},"end":{"line":16,"column":11}},"12":{"start":{"line":19,"column":2},"end":{"line":24,"column":5}},"13":{"start":{"line":20,"column":4},"end":{"line":20,"column":75}},"14":{"start":{"line":21,"column":4},"end":{"line":21,"column":62}},"15":{"start":{"line":22,"column":4},"end":{"line":22,"column":57}},"16":{"start":{"line":23,"column":4},"end":{"line":23,"column":11}},"17":{"start":{"line":26,"column":2},"end":{"line":30,"column":5}},"18":{"start":{"line":27,"column":4},"end":{"line":27,"column":80}},"19":{"start":{"line":28,"column":4},"end":{"line":28,"column":65}},"20":{"start":{"line":29,"column":4},"end":{"line":29,"column":11}},"21":{"start":{"line":32,"column":2},"end":{"line":37,"column":5}},"22":{"start":{"line":33,"column":4},"end":{"line":33,"column":104}},"23":{"start":{"line":34,"column":4},"end":{"line":34,"column":100}},"24":{"start":{"line":35,"column":4},"end":{"line":35,"column":53}},"25":{"start":{"line":36,"column":4},"end":{"line":36,"column":11}},"26":{"start":{"line":39,"column":2},"end":{"line":44,"column":5}},"27":{"start":{"line":40,"column":4},"end":{"line":40,"column":104}},"28":{"start":{"line":41,"column":4},"end":{"line":41,"column":62}},"29":{"start":{"line":42,"column":4},"end":{"line":42,"column":57}},"30":{"start":{"line":43,"column":4},"end":{"line":43,"column":11}},"31":{"start":{"line":48,"column":0},"end":{"line":97,"column":3}},"32":{"start":{"line":51,"column":2},"end":{"line":56,"column":5}},"33":{"start":{"line":52,"column":4},"end":{"line":52,"column":121}},"34":{"start":{"line":53,"column":4},"end":{"line":53,"column":73}},"35":{"start":{"line":54,"column":4},"end":{"line":54,"column":66}},"36":{"start":{"line":55,"column":4},"end":{"line":55,"column":11}},"37":{"start":{"line":58,"column":2},"end":{"line":63,"column":5}},"38":{"start":{"line":59,"column":4},"end":{"line":59,"column":121}},"39":{"start":{"line":60,"column":4},"end":{"line":60,"column":76}},"40":{"start":{"line":61,"column":4},"end":{"line":61,"column":69}},"41":{"start":{"line":62,"column":4},"end":{"line":62,"column":11}},"42":{"start":{"line":65,"column":2},"end":{"line":70,"column":5}},"43":{"start":{"line":66,"column":4},"end":{"line":66,"column":164}},"44":{"start":{"line":67,"column":4},"end":{"line":67,"column":75}},"45":{"start":{"line":68,"column":4},"end":{"line":68,"column":67}},"46":{"start":{"line":69,"column":4},"end":{"line":69,"column":11}},"47":{"start":{"line":72,"column":2},"end":{"line":76,"column":5}},"48":{"start":{"line":73,"column":4},"end":{"line":73,"column":121}},"49":{"start":{"line":74,"column":4},"end":{"line":74,"column":117}},"50":{"start":{"line":75,"column":4},"end":{"line":75,"column":11}},"51":{"start":{"line":78,"column":2},"end":{"line":82,"column":5}},"52":{"start":{"line":79,"column":4},"end":{"line":79,"column":121}},"53":{"start":{"line":80,"column":4},"end":{"line":80,"column":116}},"54":{"start":{"line":81,"column":4},"end":{"line":81,"column":11}},"55":{"start":{"line":84,"column":2},"end":{"line":88,"column":5}},"56":{"start":{"line":85,"column":4},"end":{"line":85,"column":139}},"57":{"start":{"line":86,"column":4},"end":{"line":86,"column":116}},"58":{"start":{"line":87,"column":4},"end":{"line":87,"column":11}},"59":{"start":{"line":90,"column":2},"end":{"line":94,"column":5}},"60":{"start":{"line":91,"column":4},"end":{"line":91,"column":65}},"61":{"start":{"line":92,"column":4},"end":{"line":92,"column":79}},"62":{"start":{"line":93,"column":4},"end":{"line":93,"column":11}}},"branchMap":{}}}