TN:
SF:/Users/steve/src/help-my-views/spec/escape.spec.js
FN:3,(anonymous_1)
FN:6,(anonymous_2)
FN:11,(anonymous_3)
FN:16,(anonymous_4)
FN:21,(anonymous_5)
FN:26,(anonymous_6)
FN:31,(anonymous_7)
FN:36,(anonymous_8)
FN:41,(anonymous_9)
FN:46,(anonymous_10)
FN:51,(anonymous_11)
FN:56,(anonymous_12)
FN:61,(anonymous_13)
FN:66,(anonymous_14)
FN:73,(anonymous_15)
FN:76,(anonymous_16)
FN:81,(anonymous_17)
FN:86,(anonymous_18)
FN:91,(anonymous_19)
FN:96,(anonymous_20)
FN:101,(anonymous_21)
FN:106,(anonymous_22)
FN:111,(anonymous_23)
FN:116,(anonymous_24)
FN:121,(anonymous_25)
FN:126,(anonymous_26)
FN:131,(anonymous_27)
FN:136,(anonymous_28)
FNF:28
FNH:28
FNDA:1,(anonymous_1)
FNDA:1,(anonymous_2)
FNDA:1,(anonymous_3)
FNDA:1,(anonymous_4)
FNDA:1,(anonymous_5)
FNDA:1,(anonymous_6)
FNDA:1,(anonymous_7)
FNDA:1,(anonymous_8)
FNDA:1,(anonymous_9)
FNDA:1,(anonymous_10)
FNDA:1,(anonymous_11)
FNDA:1,(anonymous_12)
FNDA:1,(anonymous_13)
FNDA:1,(anonymous_14)
FNDA:1,(anonymous_15)
FNDA:1,(anonymous_16)
FNDA:1,(anonymous_17)
FNDA:1,(anonymous_18)
FNDA:1,(anonymous_19)
FNDA:1,(anonymous_20)
FNDA:1,(anonymous_21)
FNDA:1,(anonymous_22)
FNDA:1,(anonymous_23)
FNDA:1,(anonymous_24)
FNDA:1,(anonymous_25)
FNDA:1,(anonymous_26)
FNDA:1,(anonymous_27)
FNDA:1,(anonymous_28)
DA:1,1
DA:3,1
DA:6,1
DA:7,1
DA:8,1
DA:11,1
DA:12,1
DA:13,1
DA:16,1
DA:17,1
DA:18,1
DA:21,1
DA:22,1
DA:23,1
DA:26,1
DA:27,1
DA:28,1
DA:31,1
DA:32,1
DA:33,1
DA:36,1
DA:37,1
DA:38,1
DA:41,1
DA:42,1
DA:43,1
DA:46,1
DA:47,1
DA:48,1
DA:51,1
DA:52,1
DA:53,1
DA:56,1
DA:57,1
DA:58,1
DA:61,1
DA:62,1
DA:63,1
DA:66,1
DA:67,1
DA:68,1
DA:73,1
DA:76,1
DA:77,1
DA:78,1
DA:81,1
DA:82,1
DA:83,1
DA:86,1
DA:87,1
DA:88,1
DA:91,1
DA:92,1
DA:93,1
DA:96,1
DA:97,1
DA:98,1
DA:101,1
DA:102,1
DA:103,1
DA:106,1
DA:107,1
DA:108,1
DA:111,1
DA:112,1
DA:113,1
DA:116,1
DA:117,1
DA:118,1
DA:121,1
DA:122,1
DA:123,1
DA:126,1
DA:127,1
DA:128,1
DA:131,1
DA:132,1
DA:133,1
DA:136,1
DA:137,1
DA:138,1
LF:81
LH:81
BRF:0
BRH:0
end_of_record
TN:
SF:/Users/steve/src/help-my-views/index.js
FN:8,(anonymous_1)
FN:20,(anonymous_2)
FN:32,(anonymous_3)
FN:59,(anonymous_4)
FN:92,(anonymous_5)
FN:110,(anonymous_6)
FN:114,(anonymous_7)
FN:118,(anonymous_8)
FN:122,convert
FN:205,(anonymous_10)
FN:208,makeLink
FN:227,(anonymous_12)
FNF:12
FNH:12
FNDA:13,(anonymous_1)
FNDA:13,(anonymous_2)
FNDA:12,(anonymous_3)
FNDA:10,(anonymous_4)
FNDA:6,(anonymous_5)
FNDA:3,(anonymous_6)
FNDA:6,(anonymous_7)
FNDA:15,(anonymous_8)
FNDA:29,convert
FNDA:9,(anonymous_10)
FNDA:15,makeLink
FNDA:35,(anonymous_12)
DA:1,1
DA:2,1
DA:3,1
DA:6,1
DA:11,13
DA:23,13
DA:36,12
DA:39,12
DA:46,12
DA:50,12
DA:51,8
DA:52,8
DA:54,4
DA:62,10
DA:63,10
DA:66,10
DA:69,10
DA:70,10
DA:72,10
DA:73,1
DA:77,9
DA:80,2
DA:81,1
DA:85,2
DA:88,9
DA:96,6
DA:98,6
DA:99,1
DA:102,5
DA:103,3
DA:106,2
DA:114,6
DA:122,1
DA:123,29
DA:126,29
DA:127,1
DA:131,29
DA:132,29
DA:133,58
DA:135,2
DA:136,2
DA:137,2
DA:142,29
DA:165,29
DA:166,28
DA:168,1
DA:171,29
DA:174,15
DA:175,2
DA:179,13
DA:180,13
DA:182,13
DA:183,56
DA:185,25
DA:186,25
DA:189,31
DA:191,31
DA:193,2
DA:194,2
DA:197,29
DA:201,13
DA:208,1
DA:209,15
DA:213,9
DA:214,1
DA:217,8
DA:219,8
DA:220,14
DA:223,8
DA:230,35
DA:232,35
DA:233,3
DA:234,32
DA:235,3
DA:236,29
DA:237,25
DA:238,4
DA:239,3
DA:242,35
DA:243,5
DA:247,30
DA:287,30
DA:288,2
DA:292,28
DA:293,5
DA:296,23
DA:299,23
DA:300,3
DA:304,20
DA:305,1
DA:309,19
DA:310,2
DA:314,17
DA:315,2
DA:319,15
LF:95
LH:95
BRDA:36,1,0,12
BRDA:36,1,1,8
BRDA:50,2,0,8
BRDA:50,2,1,4
BRDA:66,3,0,10
BRDA:66,3,1,8
BRDA:72,4,0,1
BRDA:72,4,1,9
BRDA:77,5,0,2
BRDA:77,5,1,7
BRDA:77,6,0,9
BRDA:77,6,1,9
BRDA:77,6,2,3
BRDA:80,7,0,1
BRDA:80,7,1,1
BRDA:96,8,0,6
BRDA:96,8,1,4
BRDA:98,9,0,1
BRDA:98,9,1,5
BRDA:102,10,0,3
BRDA:102,10,1,2
BRDA:126,11,0,1
BRDA:126,11,1,28
BRDA:133,12,0,2
BRDA:133,12,1,56
BRDA:165,13,0,28
BRDA:165,13,1,1
BRDA:174,14,0,2
BRDA:174,14,1,13
BRDA:183,15,0,25
BRDA:183,15,1,31
BRDA:191,16,0,2
BRDA:191,16,1,29
BRDA:213,17,0,1
BRDA:213,17,1,8
BRDA:232,18,0,3
BRDA:232,18,1,32
BRDA:234,19,0,3
BRDA:234,19,1,29
BRDA:236,20,0,25
BRDA:236,20,1,4
BRDA:238,21,0,3
BRDA:238,21,1,1
BRDA:242,22,0,5
BRDA:242,22,1,30
BRDA:287,23,0,2
BRDA:287,23,1,28
BRDA:287,24,0,30
BRDA:287,24,1,3
BRDA:287,24,2,3
BRDA:292,25,0,5
BRDA:292,25,1,23
BRDA:299,26,0,3
BRDA:299,26,1,20
BRDA:299,27,0,23
BRDA:299,27,1,5
BRDA:304,28,0,1
BRDA:304,28,1,19
BRDA:304,29,0,20
BRDA:304,29,1,2
BRDA:309,30,0,2
BRDA:309,30,1,17
BRDA:314,31,0,2
BRDA:314,31,1,15
BRF:64
BRH:64
end_of_record
TN:
SF:/Users/steve/src/help-my-views/spec/formating.spec.js
FN:3,(anonymous_1)
FN:6,(anonymous_2)
FN:11,(anonymous_3)
FN:16,(anonymous_4)
FN:23,(anonymous_5)
FN:26,(anonymous_6)
FN:31,(anonymous_7)
FN:36,(anonymous_8)
FN:41,(anonymous_9)
FN:46,(anonymous_10)
FN:51,(anonymous_11)
FN:58,(anonymous_12)
FN:61,(anonymous_13)
FN:66,(anonymous_14)
FN:71,(anonymous_15)
FN:76,(anonymous_16)
FN:81,(anonymous_17)
FN:86,(anonymous_18)
FN:91,(anonymous_19)
FN:96,(anonymous_20)
FN:102,(anonymous_21)
FN:108,(anonymous_22)
FN:113,(anonymous_23)
FN:118,(anonymous_24)
FN:123,(anonymous_25)
FN:128,(anonymous_26)
FN:133,(anonymous_27)
FN:140,(anonymous_28)
FN:143,(anonymous_29)
FN:148,(anonymous_30)
FN:154,(anonymous_31)
FN:161,(anonymous_32)
FN:170,(anonymous_33)
FN:173,(anonymous_34)
FN:179,(anonymous_35)
FN:186,(anonymous_36)
FN:193,(anonymous_37)
FN:200,(anonymous_38)
FN:205,(anonymous_39)
FN:212,(anonymous_40)
FN:218,(anonymous_41)
FN:224,(anonymous_42)
FN:230,(anonymous_43)
FN:236,(anonymous_44)
FN:243,(anonymous_45)
FN:251,(anonymous_46)
FNF:46
FNH:46
FNDA:1,(anonymous_1)
FNDA:1,(anonymous_2)
FNDA:1,(anonymous_3)
FNDA:1,(anonymous_4)
FNDA:1,(anonymous_5)
FNDA:1,(anonymous_6)
FNDA:1,(anonymous_7)
FNDA:1,(anonymous_8)
FNDA:1,(anonymous_9)
FNDA:1,(anonymous_10)
FNDA:1,(anonymous_11)
FNDA:1,(anonymous_12)
FNDA:1,(anonymous_13)
FNDA:1,(anonymous_14)
FNDA:1,(anonymous_15)
FNDA:1,(anonymous_16)
FNDA:1,(anonymous_17)
FNDA:1,(anonymous_18)
FNDA:1,(anonymous_19)
FNDA:1,(anonymous_20)
FNDA:1,(anonymous_21)
FNDA:1,(anonymous_22)
FNDA:1,(anonymous_23)
FNDA:1,(anonymous_24)
FNDA:1,(anonymous_25)
FNDA:1,(anonymous_26)
FNDA:1,(anonymous_27)
FNDA:1,(anonymous_28)
FNDA:1,(anonymous_29)
FNDA:1,(anonymous_30)
FNDA:1,(anonymous_31)
FNDA:1,(anonymous_32)
FNDA:1,(anonymous_33)
FNDA:1,(anonymous_34)
FNDA:1,(anonymous_35)
FNDA:1,(anonymous_36)
FNDA:1,(anonymous_37)
FNDA:1,(anonymous_38)
FNDA:1,(anonymous_39)
FNDA:1,(anonymous_40)
FNDA:1,(anonymous_41)
FNDA:1,(anonymous_42)
FNDA:1,(anonymous_43)
FNDA:1,(anonymous_44)
FNDA:1,(anonymous_45)
FNDA:1,(anonymous_46)
DA:1,1
DA:3,1
DA:6,1
DA:7,1
DA:8,1
DA:11,1
DA:12,1
DA:13,1
DA:16,1
DA:17,1
DA:18,1
DA:23,1
DA:26,1
DA:27,1
DA:28,1
DA:31,1
DA:32,1
DA:33,1
DA:36,1
DA:37,1
DA:38,1
DA:41,1
DA:42,1
DA:43,1
DA:46,1
DA:47,1
DA:48,1
DA:51,1
DA:52,1
DA:53,1
DA:58,1
DA:61,1
DA:62,1
DA:63,1
DA:66,1
DA:67,1
DA:68,1
DA:71,1
DA:72,1
DA:73,1
DA:76,1
DA:77,1
DA:78,1
DA:81,1
DA:82,1
DA:83,1
DA:86,1
DA:87,1
DA:88,1
DA:91,1
DA:92,1
DA:93,1
DA:96,1
DA:97,1
DA:98,1
DA:99,1
DA:102,1
DA:103,1
DA:104,1
DA:105,1
DA:108,1
DA:109,1
DA:110,1
DA:113,1
DA:114,1
DA:115,1
DA:118,1
DA:119,1
DA:120,1
DA:123,1
DA:124,1
DA:125,1
DA:128,1
DA:129,1
DA:130,1
DA:133,1
DA:134,1
DA:135,1
DA:140,1
DA:143,1
DA:144,1
DA:145,1
DA:148,1
DA:149,1
DA:150,1
DA:151,1
DA:154,1
DA:155,1
DA:156,1
DA:157,1
DA:158,1
DA:161,1
DA:162,1
DA:163,1
DA:164,1
DA:165,1
DA:170,1
DA:173,1
DA:174,1
DA:175,1
DA:176,1
DA:179,1
DA:180,1
DA:181,1
DA:182,1
DA:183,1
DA:186,1
DA:187,1
DA:188,1
DA:189,1
DA:190,1
DA:193,1
DA:194,1
DA:195,1
DA:196,1
DA:197,1
DA:200,1
DA:201,1
DA:202,1
DA:205,1
DA:206,1
DA:207,1
DA:208,1
DA:209,1
DA:212,1
DA:213,1
DA:214,1
DA:215,1
DA:218,1
DA:219,1
DA:220,1
DA:221,1
DA:224,1
DA:225,1
DA:226,1
DA:227,1
DA:230,1
DA:231,1
DA:232,1
DA:233,1
DA:236,1
DA:237,1
DA:238,1
DA:239,1
DA:240,1
DA:243,1
DA:244,1
DA:245,1
DA:246,1
DA:247,1
DA:248,1
DA:251,1
DA:252,1
DA:253,1
DA:254,1
DA:255,1
DA:256,1
DA:257,1
DA:258,1
LF:159
LH:159
BRF:0
BRH:0
end_of_record
TN:
SF:/Users/steve/src/help-my-views/spec/preview.spec.js
FN:3,(anonymous_1)
FN:6,(anonymous_2)
FN:12,(anonymous_3)
FN:19,(anonymous_4)
FN:26,(anonymous_5)
FN:32,(anonymous_6)
FN:39,(anonymous_7)
FN:48,(anonymous_8)
FN:51,(anonymous_9)
FN:58,(anonymous_10)
FN:65,(anonymous_11)
FN:72,(anonymous_12)
FN:78,(anonymous_13)
FN:84,(anonymous_14)
FN:90,(anonymous_15)
FNF:15
FNH:15
FNDA:1,(anonymous_1)
FNDA:1,(anonymous_2)
FNDA:1,(anonymous_3)
FNDA:1,(anonymous_4)
FNDA:1,(anonymous_5)
FNDA:1,(anonymous_6)
FNDA:1,(anonymous_7)
FNDA:1,(anonymous_8)
FNDA:1,(anonymous_9)
FNDA:1,(anonymous_10)
FNDA:1,(anonymous_11)
FNDA:1,(anonymous_12)
FNDA:1,(anonymous_13)
FNDA:1,(anonymous_14)
FNDA:1,(anonymous_15)
DA:1,1
DA:3,1
DA:6,1
DA:7,1
DA:8,1
DA:9,1
DA:12,1
DA:13,1
DA:14,1
DA:15,1
DA:16,1
DA:19,1
DA:20,1
DA:21,1
DA:22,1
DA:23,1
DA:26,1
DA:27,1
DA:28,1
DA:29,1
DA:32,1
DA:33,1
DA:34,1
DA:35,1
DA:36,1
DA:39,1
DA:40,1
DA:41,1
DA:42,1
DA:43,1
DA:48,1
DA:51,1
DA:52,1
DA:53,1
DA:54,1
DA:55,1
DA:58,1
DA:59,1
DA:60,1
DA:61,1
DA:62,1
DA:65,1
DA:66,1
DA:67,1
DA:68,1
DA:69,1
DA:72,1
DA:73,1
DA:74,1
DA:75,1
DA:78,1
DA:79,1
DA:80,1
DA:81,1
DA:84,1
DA:85,1
DA:86,1
DA:87,1
DA:90,1
DA:91,1
DA:92,1
DA:93,1
LF:62
LH:62
BRF:0
BRH:0
end_of_record
